2021-11-14 02:59:34.753  INFO 11832 --- [main] t.e.spring.TimesheetServiceImplTest      : Starting TimesheetServiceImplTest on DESKTOP-4LN0G49 with PID 11832 (started by lenovo in C:\Users\lenovo\Desktop\TimesheetProject)
2021-11-14 02:59:34.765  INFO 11832 --- [main] t.e.spring.TimesheetServiceImplTest      : No active profile set, falling back to default profiles: default
2021-11-14 02:59:35.595  INFO 11832 --- [main] .s.d.r.c.RepositoryConfigurationDelegate : Bootstrapping Spring Data repositories in DEFAULT mode.
2021-11-14 02:59:35.707  INFO 11832 --- [main] .s.d.r.c.RepositoryConfigurationDelegate : Finished Spring Data repository scanning in 102ms. Found 6 repository interfaces.
2021-11-14 02:59:36.253  INFO 11832 --- [main] trationDelegate$BeanPostProcessorChecker : Bean 'org.springframework.transaction.annotation.ProxyTransactionManagementConfiguration' of type [org.springframework.transaction.annotation.ProxyTransactionManagementConfiguration$$EnhancerBySpringCGLIB$$52eda8e7] is not eligible for getting processed by all BeanPostProcessors (for example: not eligible for auto-proxying)
2021-11-14 02:59:36.520  INFO 11832 --- [main] com.zaxxer.hikari.HikariDataSource       : HikariPool-1 - Starting...
2021-11-14 02:59:36.677  INFO 11832 --- [main] com.zaxxer.hikari.HikariDataSource       : HikariPool-1 - Start completed.
2021-11-14 02:59:36.783  INFO 11832 --- [main] o.hibernate.jpa.internal.util.LogHelper  : HHH000204: Processing PersistenceUnitInfo [
	name: default
	...]
2021-11-14 02:59:36.968  INFO 11832 --- [main] org.hibernate.Version                    : HHH000412: Hibernate Core {5.3.9.Final}
2021-11-14 02:59:36.970  INFO 11832 --- [main] org.hibernate.cfg.Environment            : HHH000206: hibernate.properties not found
2021-11-14 02:59:37.143  INFO 11832 --- [main] o.hibernate.annotations.common.Version   : HCANN000001: Hibernate Commons Annotations {5.0.4.Final}
2021-11-14 02:59:37.608  INFO 11832 --- [main] org.hibernate.dialect.Dialect            : HHH000400: Using dialect: org.hibernate.dialect.MySQL5Dialect
2021-11-14 02:59:38.936  INFO 11832 --- [main] j.LocalContainerEntityManagerFactoryBean : Initialized JPA EntityManagerFactory for persistence unit 'default'
2021-11-14 02:59:39.296  INFO 11832 --- [main] o.h.h.i.QueryTranslatorFactoryInitiator  : HHH000397: Using ASTQueryTranslatorFactory
2021-11-14 02:59:40.867  INFO 11832 --- [main] o.s.s.concurrent.ThreadPoolTaskExecutor  : Initializing ExecutorService 'applicationTaskExecutor'
2021-11-14 02:59:40.944  WARN 11832 --- [main] aWebConfiguration$JpaWebMvcConfiguration : spring.jpa.open-in-view is enabled by default. Therefore, database queries may be performed during view rendering. Explicitly configure spring.jpa.open-in-view to disable this warning
2021-11-14 02:59:41.584  INFO 11832 --- [main] t.e.spring.TimesheetServiceImplTest      : Started TimesheetServiceImplTest in 7.333 seconds (JVM running for 9.604)
2021-11-14 02:59:42.328  INFO 11832 --- [Thread-2] o.s.s.concurrent.ThreadPoolTaskExecutor  : Shutting down ExecutorService 'applicationTaskExecutor'
2021-11-14 02:59:42.330  INFO 11832 --- [Thread-2] j.LocalContainerEntityManagerFactoryBean : Closing JPA EntityManagerFactory for persistence unit 'default'
2021-11-14 02:59:42.333  INFO 11832 --- [Thread-2] com.zaxxer.hikari.HikariDataSource       : HikariPool-1 - Shutdown initiated...
2021-11-14 02:59:42.340  INFO 11832 --- [Thread-2] com.zaxxer.hikari.HikariDataSource       : HikariPool-1 - Shutdown completed.
2021-11-14 03:22:44.505  INFO 6900 --- [main] t.e.spring.TimesheetServiceImplTest      : Starting TimesheetServiceImplTest on DESKTOP-4LN0G49 with PID 6900 (started by lenovo in C:\Users\lenovo\Desktop\TimesheetProject)
2021-11-14 03:22:44.514  INFO 6900 --- [main] t.e.spring.TimesheetServiceImplTest      : No active profile set, falling back to default profiles: default
2021-11-14 03:22:45.316  INFO 6900 --- [main] .s.d.r.c.RepositoryConfigurationDelegate : Bootstrapping Spring Data repositories in DEFAULT mode.
2021-11-14 03:22:45.421  INFO 6900 --- [main] .s.d.r.c.RepositoryConfigurationDelegate : Finished Spring Data repository scanning in 94ms. Found 6 repository interfaces.
2021-11-14 03:22:45.847  INFO 6900 --- [main] trationDelegate$BeanPostProcessorChecker : Bean 'org.springframework.transaction.annotation.ProxyTransactionManagementConfiguration' of type [org.springframework.transaction.annotation.ProxyTransactionManagementConfiguration$$EnhancerBySpringCGLIB$$5e32af14] is not eligible for getting processed by all BeanPostProcessors (for example: not eligible for auto-proxying)
2021-11-14 03:22:46.078  INFO 6900 --- [main] com.zaxxer.hikari.HikariDataSource       : HikariPool-1 - Starting...
2021-11-14 03:22:46.224  INFO 6900 --- [main] com.zaxxer.hikari.HikariDataSource       : HikariPool-1 - Start completed.
2021-11-14 03:22:46.365  INFO 6900 --- [main] o.hibernate.jpa.internal.util.LogHelper  : HHH000204: Processing PersistenceUnitInfo [
	name: default
	...]
2021-11-14 03:22:46.434  INFO 6900 --- [main] org.hibernate.Version                    : HHH000412: Hibernate Core {5.3.9.Final}
2021-11-14 03:22:46.436  INFO 6900 --- [main] org.hibernate.cfg.Environment            : HHH000206: hibernate.properties not found
2021-11-14 03:22:46.583  INFO 6900 --- [main] o.hibernate.annotations.common.Version   : HCANN000001: Hibernate Commons Annotations {5.0.4.Final}
2021-11-14 03:22:46.916  INFO 6900 --- [main] org.hibernate.dialect.Dialect            : HHH000400: Using dialect: org.hibernate.dialect.MySQL5Dialect
2021-11-14 03:22:48.165  INFO 6900 --- [main] j.LocalContainerEntityManagerFactoryBean : Initialized JPA EntityManagerFactory for persistence unit 'default'
2021-11-14 03:22:48.521  INFO 6900 --- [main] o.h.h.i.QueryTranslatorFactoryInitiator  : HHH000397: Using ASTQueryTranslatorFactory
2021-11-14 03:22:49.591  INFO 6900 --- [main] o.s.s.concurrent.ThreadPoolTaskExecutor  : Initializing ExecutorService 'applicationTaskExecutor'
2021-11-14 03:22:49.660  WARN 6900 --- [main] aWebConfiguration$JpaWebMvcConfiguration : spring.jpa.open-in-view is enabled by default. Therefore, database queries may be performed during view rendering. Explicitly configure spring.jpa.open-in-view to disable this warning
2021-11-14 03:22:50.238  INFO 6900 --- [main] t.e.spring.TimesheetServiceImplTest      : Started TimesheetServiceImplTest in 6.057 seconds (JVM running for 7.333)
2021-11-14 03:22:50.478  INFO 6900 --- [Thread-2] o.s.s.concurrent.ThreadPoolTaskExecutor  : Shutting down ExecutorService 'applicationTaskExecutor'
2021-11-14 03:22:50.480  INFO 6900 --- [Thread-2] j.LocalContainerEntityManagerFactoryBean : Closing JPA EntityManagerFactory for persistence unit 'default'
2021-11-14 03:22:50.483  INFO 6900 --- [Thread-2] com.zaxxer.hikari.HikariDataSource       : HikariPool-1 - Shutdown initiated...
2021-11-14 03:22:50.487  INFO 6900 --- [Thread-2] com.zaxxer.hikari.HikariDataSource       : HikariPool-1 - Shutdown completed.
2021-11-14 07:39:17.195  INFO 14448 --- [main] t.e.spring.TimesheetServiceImplTest      : Starting TimesheetServiceImplTest on DESKTOP-4LN0G49 with PID 14448 (started by lenovo in C:\Users\lenovo\Desktop\TimesheetProject)
2021-11-14 07:39:17.202  INFO 14448 --- [main] t.e.spring.TimesheetServiceImplTest      : No active profile set, falling back to default profiles: default
2021-11-14 07:39:19.607  INFO 14448 --- [main] .s.d.r.c.RepositoryConfigurationDelegate : Bootstrapping Spring Data repositories in DEFAULT mode.
2021-11-14 07:39:20.166  INFO 14448 --- [main] .s.d.r.c.RepositoryConfigurationDelegate : Finished Spring Data repository scanning in 381ms. Found 6 repository interfaces.
2021-11-14 07:39:24.978  INFO 14448 --- [main] trationDelegate$BeanPostProcessorChecker : Bean 'org.springframework.transaction.annotation.ProxyTransactionManagementConfiguration' of type [org.springframework.transaction.annotation.ProxyTransactionManagementConfiguration$$EnhancerBySpringCGLIB$$9fdb99c4] is not eligible for getting processed by all BeanPostProcessors (for example: not eligible for auto-proxying)
2021-11-14 07:39:25.897  INFO 14448 --- [main] com.zaxxer.hikari.HikariDataSource       : HikariPool-1 - Starting...
2021-11-14 07:39:27.268  INFO 14448 --- [main] com.zaxxer.hikari.HikariDataSource       : HikariPool-1 - Start completed.
2021-11-14 07:39:27.398  INFO 14448 --- [main] o.hibernate.jpa.internal.util.LogHelper  : HHH000204: Processing PersistenceUnitInfo [
	name: default
	...]
2021-11-14 07:39:27.709  INFO 14448 --- [main] org.hibernate.Version                    : HHH000412: Hibernate Core {5.3.9.Final}
2021-11-14 07:39:27.711  INFO 14448 --- [main] org.hibernate.cfg.Environment            : HHH000206: hibernate.properties not found
2021-11-14 07:39:28.619  INFO 14448 --- [main] o.hibernate.annotations.common.Version   : HCANN000001: Hibernate Commons Annotations {5.0.4.Final}
2021-11-14 07:39:29.958  INFO 14448 --- [main] org.hibernate.dialect.Dialect            : HHH000400: Using dialect: org.hibernate.dialect.MySQL5Dialect
2021-11-14 07:39:33.883  INFO 14448 --- [main] j.LocalContainerEntityManagerFactoryBean : Initialized JPA EntityManagerFactory for persistence unit 'default'
2021-11-14 07:39:34.628  INFO 14448 --- [main] o.h.h.i.QueryTranslatorFactoryInitiator  : HHH000397: Using ASTQueryTranslatorFactory
2021-11-14 07:39:36.379  INFO 14448 --- [main] o.s.s.concurrent.ThreadPoolTaskExecutor  : Initializing ExecutorService 'applicationTaskExecutor'
2021-11-14 07:39:36.598  WARN 14448 --- [main] aWebConfiguration$JpaWebMvcConfiguration : spring.jpa.open-in-view is enabled by default. Therefore, database queries may be performed during view rendering. Explicitly configure spring.jpa.open-in-view to disable this warning
2021-11-14 07:39:37.017  INFO 14448 --- [main] t.e.spring.TimesheetServiceImplTest      : Started TimesheetServiceImplTest in 20.128 seconds (JVM running for 21.025)
2021-11-14 07:39:37.580  INFO 14448 --- [Thread-2] o.s.s.concurrent.ThreadPoolTaskExecutor  : Shutting down ExecutorService 'applicationTaskExecutor'
2021-11-14 07:39:37.582  INFO 14448 --- [Thread-2] j.LocalContainerEntityManagerFactoryBean : Closing JPA EntityManagerFactory for persistence unit 'default'
2021-11-14 07:39:37.585  INFO 14448 --- [Thread-2] com.zaxxer.hikari.HikariDataSource       : HikariPool-1 - Shutdown initiated...
2021-11-14 07:39:37.601  INFO 14448 --- [Thread-2] com.zaxxer.hikari.HikariDataSource       : HikariPool-1 - Shutdown completed.
2021-11-14 07:54:56.653  INFO 12716 --- [main] t.e.spring.TimesheetServiceImplTest      : Starting TimesheetServiceImplTest on DESKTOP-4LN0G49 with PID 12716 (started by lenovo in C:\Users\lenovo\Desktop\TimesheetProject)
2021-11-14 07:54:56.654  INFO 12716 --- [main] t.e.spring.TimesheetServiceImplTest      : No active profile set, falling back to default profiles: default
2021-11-14 07:54:57.379  INFO 12716 --- [main] .s.d.r.c.RepositoryConfigurationDelegate : Bootstrapping Spring Data repositories in DEFAULT mode.
2021-11-14 07:54:57.481  INFO 12716 --- [main] .s.d.r.c.RepositoryConfigurationDelegate : Finished Spring Data repository scanning in 91ms. Found 6 repository interfaces.
2021-11-14 07:54:57.884  INFO 12716 --- [main] trationDelegate$BeanPostProcessorChecker : Bean 'org.springframework.transaction.annotation.ProxyTransactionManagementConfiguration' of type [org.springframework.transaction.annotation.ProxyTransactionManagementConfiguration$$EnhancerBySpringCGLIB$$cd3e6d6f] is not eligible for getting processed by all BeanPostProcessors (for example: not eligible for auto-proxying)
2021-11-14 07:54:58.104  INFO 12716 --- [main] com.zaxxer.hikari.HikariDataSource       : HikariPool-1 - Starting...
2021-11-14 07:54:58.345  INFO 12716 --- [main] com.zaxxer.hikari.HikariDataSource       : HikariPool-1 - Start completed.
2021-11-14 07:54:58.406  INFO 12716 --- [main] o.hibernate.jpa.internal.util.LogHelper  : HHH000204: Processing PersistenceUnitInfo [
	name: default
	...]
2021-11-14 07:54:58.473  INFO 12716 --- [main] org.hibernate.Version                    : HHH000412: Hibernate Core {5.3.9.Final}
2021-11-14 07:54:58.475  INFO 12716 --- [main] org.hibernate.cfg.Environment            : HHH000206: hibernate.properties not found
2021-11-14 07:54:58.627  INFO 12716 --- [main] o.hibernate.annotations.common.Version   : HCANN000001: Hibernate Commons Annotations {5.0.4.Final}
2021-11-14 07:54:58.970  INFO 12716 --- [main] org.hibernate.dialect.Dialect            : HHH000400: Using dialect: org.hibernate.dialect.MySQL5Dialect
2021-11-14 07:55:00.323  INFO 12716 --- [main] j.LocalContainerEntityManagerFactoryBean : Initialized JPA EntityManagerFactory for persistence unit 'default'
2021-11-14 07:55:00.791  INFO 12716 --- [main] o.h.h.i.QueryTranslatorFactoryInitiator  : HHH000397: Using ASTQueryTranslatorFactory
2021-11-14 07:55:02.281  INFO 12716 --- [main] o.s.s.concurrent.ThreadPoolTaskExecutor  : Initializing ExecutorService 'applicationTaskExecutor'
2021-11-14 07:55:02.529  WARN 12716 --- [main] aWebConfiguration$JpaWebMvcConfiguration : spring.jpa.open-in-view is enabled by default. Therefore, database queries may be performed during view rendering. Explicitly configure spring.jpa.open-in-view to disable this warning
2021-11-14 07:55:03.092  INFO 12716 --- [main] t.e.spring.TimesheetServiceImplTest      : Started TimesheetServiceImplTest in 6.714 seconds (JVM running for 7.489)
2021-11-14 07:55:03.463  INFO 12716 --- [Thread-2] o.s.s.concurrent.ThreadPoolTaskExecutor  : Shutting down ExecutorService 'applicationTaskExecutor'
2021-11-14 07:55:03.465  INFO 12716 --- [Thread-2] j.LocalContainerEntityManagerFactoryBean : Closing JPA EntityManagerFactory for persistence unit 'default'
2021-11-14 07:55:03.468  INFO 12716 --- [Thread-2] com.zaxxer.hikari.HikariDataSource       : HikariPool-1 - Shutdown initiated...
2021-11-14 07:55:03.473  INFO 12716 --- [Thread-2] com.zaxxer.hikari.HikariDataSource       : HikariPool-1 - Shutdown completed.
2021-11-14 08:10:24.479  INFO 5276 --- [main] t.e.spring.TimesheetServiceImplTest      : Starting TimesheetServiceImplTest on DESKTOP-4LN0G49 with PID 5276 (started by lenovo in C:\Users\lenovo\Desktop\TimesheetProject)
2021-11-14 08:10:24.481  INFO 5276 --- [main] t.e.spring.TimesheetServiceImplTest      : No active profile set, falling back to default profiles: default
2021-11-14 08:10:25.218  INFO 5276 --- [main] .s.d.r.c.RepositoryConfigurationDelegate : Bootstrapping Spring Data repositories in DEFAULT mode.
2021-11-14 08:10:25.325  INFO 5276 --- [main] .s.d.r.c.RepositoryConfigurationDelegate : Finished Spring Data repository scanning in 97ms. Found 6 repository interfaces.
2021-11-14 08:10:25.816  INFO 5276 --- [main] trationDelegate$BeanPostProcessorChecker : Bean 'org.springframework.transaction.annotation.ProxyTransactionManagementConfiguration' of type [org.springframework.transaction.annotation.ProxyTransactionManagementConfiguration$$EnhancerBySpringCGLIB$$7f47c74d] is not eligible for getting processed by all BeanPostProcessors (for example: not eligible for auto-proxying)
2021-11-14 08:10:26.039  INFO 5276 --- [main] com.zaxxer.hikari.HikariDataSource       : HikariPool-1 - Starting...
2021-11-14 08:10:26.248  INFO 5276 --- [main] com.zaxxer.hikari.HikariDataSource       : HikariPool-1 - Start completed.
2021-11-14 08:10:26.314  INFO 5276 --- [main] o.hibernate.jpa.internal.util.LogHelper  : HHH000204: Processing PersistenceUnitInfo [
	name: default
	...]
2021-11-14 08:10:26.383  INFO 5276 --- [main] org.hibernate.Version                    : HHH000412: Hibernate Core {5.3.9.Final}
2021-11-14 08:10:26.384  INFO 5276 --- [main] org.hibernate.cfg.Environment            : HHH000206: hibernate.properties not found
2021-11-14 08:10:26.536  INFO 5276 --- [main] o.hibernate.annotations.common.Version   : HCANN000001: Hibernate Commons Annotations {5.0.4.Final}
2021-11-14 08:10:26.883  INFO 5276 --- [main] org.hibernate.dialect.Dialect            : HHH000400: Using dialect: org.hibernate.dialect.MySQL5Dialect
2021-11-14 08:10:28.982  INFO 5276 --- [main] j.LocalContainerEntityManagerFactoryBean : Initialized JPA EntityManagerFactory for persistence unit 'default'
2021-11-14 08:10:29.327  INFO 5276 --- [main] o.h.h.i.QueryTranslatorFactoryInitiator  : HHH000397: Using ASTQueryTranslatorFactory
2021-11-14 08:10:30.355  INFO 5276 --- [main] o.s.s.concurrent.ThreadPoolTaskExecutor  : Initializing ExecutorService 'applicationTaskExecutor'
2021-11-14 08:10:30.548  WARN 5276 --- [main] aWebConfiguration$JpaWebMvcConfiguration : spring.jpa.open-in-view is enabled by default. Therefore, database queries may be performed during view rendering. Explicitly configure spring.jpa.open-in-view to disable this warning
2021-11-14 08:10:30.973  INFO 5276 --- [main] t.e.spring.TimesheetServiceImplTest      : Started TimesheetServiceImplTest in 6.768 seconds (JVM running for 7.534)
2021-11-14 08:10:31.253  INFO 5276 --- [Thread-2] o.s.s.concurrent.ThreadPoolTaskExecutor  : Shutting down ExecutorService 'applicationTaskExecutor'
2021-11-14 08:10:31.256  INFO 5276 --- [Thread-2] j.LocalContainerEntityManagerFactoryBean : Closing JPA EntityManagerFactory for persistence unit 'default'
2021-11-14 08:10:31.259  INFO 5276 --- [Thread-2] com.zaxxer.hikari.HikariDataSource       : HikariPool-1 - Shutdown initiated...
2021-11-14 08:10:31.263  INFO 5276 --- [Thread-2] com.zaxxer.hikari.HikariDataSource       : HikariPool-1 - Shutdown completed.
2021-11-14 08:42:01.484  INFO 2944 --- [main] t.e.spring.TimesheetServiceImplTest      : Starting TimesheetServiceImplTest on DESKTOP-4LN0G49 with PID 2944 (started by lenovo in C:\Users\lenovo\Desktop\TimesheetProject)
2021-11-14 08:42:01.485  INFO 2944 --- [main] t.e.spring.TimesheetServiceImplTest      : No active profile set, falling back to default profiles: default
2021-11-14 08:42:02.304  INFO 2944 --- [main] .s.d.r.c.RepositoryConfigurationDelegate : Bootstrapping Spring Data repositories in DEFAULT mode.
2021-11-14 08:42:02.399  INFO 2944 --- [main] .s.d.r.c.RepositoryConfigurationDelegate : Finished Spring Data repository scanning in 78ms. Found 6 repository interfaces.
2021-11-14 08:42:02.743  INFO 2944 --- [main] trationDelegate$BeanPostProcessorChecker : Bean 'org.springframework.transaction.annotation.ProxyTransactionManagementConfiguration' of type [org.springframework.transaction.annotation.ProxyTransactionManagementConfiguration$$EnhancerBySpringCGLIB$$4b71926e] is not eligible for getting processed by all BeanPostProcessors (for example: not eligible for auto-proxying)
2021-11-14 08:42:02.852  WARN 2944 --- [main] o.s.w.c.s.GenericWebApplicationContext   : Exception encountered during context initialization - cancelling refresh attempt: org.springframework.beans.factory.UnsatisfiedDependencyException: Error creating bean with name 'restControlEmploye': Unsatisfied dependency expressed through field 'iemployeservice'; nested exception is org.springframework.beans.factory.UnsatisfiedDependencyException: Error creating bean with name 'employeServiceImpl': Unsatisfied dependency expressed through field 'employeRepository'; nested exception is org.springframework.beans.factory.BeanCreationException: Error creating bean with name 'employeRepository': Cannot create inner bean '(inner bean)#73877e19' of type [org.springframework.orm.jpa.SharedEntityManagerCreator] while setting bean property 'entityManager'; nested exception is org.springframework.beans.factory.BeanCreationException: Error creating bean with name '(inner bean)#73877e19': Cannot resolve reference to bean 'entityManagerFactory' while setting constructor argument; nested exception is org.springframework.beans.factory.NoSuchBeanDefinitionException: No bean named 'entityManagerFactory' available
2021-11-14 08:42:02.852  INFO 2944 --- [main] ConditionEvaluationReportLoggingListener : 

Error starting ApplicationContext. To display the conditions report re-run your application with 'debug' enabled.
2021-11-14 08:42:02.930 ERROR 2944 --- [main] o.s.b.d.LoggingFailureAnalysisReporter   : 

***************************
APPLICATION FAILED TO START
***************************

Description:

Field employeRepository in tn.esprit.spring.services.EmployeServiceImpl required a bean named 'entityManagerFactory' that could not be found.

The injection point has the following annotations:
	- @org.springframework.beans.factory.annotation.Autowired(required=true)


Action:

Consider defining a bean named 'entityManagerFactory' in your configuration.

2021-11-14 08:42:02.946 ERROR 2944 --- [main] o.s.test.context.TestContextManager      : Caught exception while allowing TestExecutionListener [org.springframework.test.context.web.ServletTestExecutionListener@139982de] to prepare test instance [tn.esprit.spring.TimesheetServiceImplTest@5e268ce6]

java.lang.IllegalStateException: Failed to load ApplicationContext
	at org.springframework.test.context.cache.DefaultCacheAwareContextLoaderDelegate.loadContext(DefaultCacheAwareContextLoaderDelegate.java:125) ~[spring-test-5.1.6.RELEASE.jar:5.1.6.RELEASE]
	at org.springframework.test.context.support.DefaultTestContext.getApplicationContext(DefaultTestContext.java:108) ~[spring-test-5.1.6.RELEASE.jar:5.1.6.RELEASE]
	at org.springframework.test.context.web.ServletTestExecutionListener.setUpRequestContextIfNecessary(ServletTestExecutionListener.java:190) ~[spring-test-5.1.6.RELEASE.jar:5.1.6.RELEASE]
	at org.springframework.test.context.web.ServletTestExecutionListener.prepareTestInstance(ServletTestExecutionListener.java:132) ~[spring-test-5.1.6.RELEASE.jar:5.1.6.RELEASE]
	at org.springframework.test.context.TestContextManager.prepareTestInstance(TestContextManager.java:246) ~[spring-test-5.1.6.RELEASE.jar:5.1.6.RELEASE]
	at org.springframework.test.context.junit4.SpringJUnit4ClassRunner.createTest(SpringJUnit4ClassRunner.java:227) [spring-test-5.1.6.RELEASE.jar:5.1.6.RELEASE]
	at org.springframework.test.context.junit4.SpringJUnit4ClassRunner$1.runReflectiveCall(SpringJUnit4ClassRunner.java:289) [spring-test-5.1.6.RELEASE.jar:5.1.6.RELEASE]
	at org.junit.internal.runners.model.ReflectiveCallable.run(ReflectiveCallable.java:12) [junit-4.12.jar:4.12]
	at org.springframework.test.context.junit4.SpringJUnit4ClassRunner.methodBlock(SpringJUnit4ClassRunner.java:291) [spring-test-5.1.6.RELEASE.jar:5.1.6.RELEASE]
	at org.springframework.test.context.junit4.SpringJUnit4ClassRunner.runChild(SpringJUnit4ClassRunner.java:246) [spring-test-5.1.6.RELEASE.jar:5.1.6.RELEASE]
	at org.springframework.test.context.junit4.SpringJUnit4ClassRunner.runChild(SpringJUnit4ClassRunner.java:97) [spring-test-5.1.6.RELEASE.jar:5.1.6.RELEASE]
	at org.junit.runners.ParentRunner$3.run(ParentRunner.java:290) [junit-4.12.jar:4.12]
	at org.junit.runners.ParentRunner$1.schedule(ParentRunner.java:71) [junit-4.12.jar:4.12]
	at org.junit.runners.ParentRunner.runChildren(ParentRunner.java:288) [junit-4.12.jar:4.12]
	at org.junit.runners.ParentRunner.access$000(ParentRunner.java:58) [junit-4.12.jar:4.12]
	at org.junit.runners.ParentRunner$2.evaluate(ParentRunner.java:268) [junit-4.12.jar:4.12]
	at org.springframework.test.context.junit4.statements.RunBeforeTestClassCallbacks.evaluate(RunBeforeTestClassCallbacks.java:61) [spring-test-5.1.6.RELEASE.jar:5.1.6.RELEASE]
	at org.springframework.test.context.junit4.statements.RunAfterTestClassCallbacks.evaluate(RunAfterTestClassCallbacks.java:70) [spring-test-5.1.6.RELEASE.jar:5.1.6.RELEASE]
	at org.junit.runners.ParentRunner.run(ParentRunner.java:363) [junit-4.12.jar:4.12]
	at org.springframework.test.context.junit4.SpringJUnit4ClassRunner.run(SpringJUnit4ClassRunner.java:190) [spring-test-5.1.6.RELEASE.jar:5.1.6.RELEASE]
	at org.apache.maven.surefire.junit4.JUnit4Provider.execute(JUnit4Provider.java:365) [surefire-junit4-2.22.1.jar:2.22.1]
	at org.apache.maven.surefire.junit4.JUnit4Provider.executeWithRerun(JUnit4Provider.java:273) [surefire-junit4-2.22.1.jar:2.22.1]
	at org.apache.maven.surefire.junit4.JUnit4Provider.executeTestSet(JUnit4Provider.java:238) [surefire-junit4-2.22.1.jar:2.22.1]
	at org.apache.maven.surefire.junit4.JUnit4Provider.invoke(JUnit4Provider.java:159) [surefire-junit4-2.22.1.jar:2.22.1]
	at org.apache.maven.surefire.booter.ForkedBooter.invokeProviderInSameClassLoader(ForkedBooter.java:384) [surefire-booter-2.22.1.jar:2.22.1]
	at org.apache.maven.surefire.booter.ForkedBooter.runSuitesInProcess(ForkedBooter.java:345) [surefire-booter-2.22.1.jar:2.22.1]
	at org.apache.maven.surefire.booter.ForkedBooter.execute(ForkedBooter.java:126) [surefire-booter-2.22.1.jar:2.22.1]
	at org.apache.maven.surefire.booter.ForkedBooter.main(ForkedBooter.java:418) [surefire-booter-2.22.1.jar:2.22.1]
Caused by: org.springframework.beans.factory.UnsatisfiedDependencyException: Error creating bean with name 'restControlEmploye': Unsatisfied dependency expressed through field 'iemployeservice'; nested exception is org.springframework.beans.factory.UnsatisfiedDependencyException: Error creating bean with name 'employeServiceImpl': Unsatisfied dependency expressed through field 'employeRepository'; nested exception is org.springframework.beans.factory.BeanCreationException: Error creating bean with name 'employeRepository': Cannot create inner bean '(inner bean)#73877e19' of type [org.springframework.orm.jpa.SharedEntityManagerCreator] while setting bean property 'entityManager'; nested exception is org.springframework.beans.factory.BeanCreationException: Error creating bean with name '(inner bean)#73877e19': Cannot resolve reference to bean 'entityManagerFactory' while setting constructor argument; nested exception is org.springframework.beans.factory.NoSuchBeanDefinitionException: No bean named 'entityManagerFactory' available
	at org.springframework.beans.factory.annotation.AutowiredAnnotationBeanPostProcessor$AutowiredFieldElement.inject(AutowiredAnnotationBeanPostProcessor.java:596) ~[spring-beans-5.1.6.RELEASE.jar:5.1.6.RELEASE]
	at org.springframework.beans.factory.annotation.InjectionMetadata.inject(InjectionMetadata.java:90) ~[spring-beans-5.1.6.RELEASE.jar:5.1.6.RELEASE]
	at org.springframework.beans.factory.annotation.AutowiredAnnotationBeanPostProcessor.postProcessProperties(AutowiredAnnotationBeanPostProcessor.java:374) ~[spring-beans-5.1.6.RELEASE.jar:5.1.6.RELEASE]
	at org.springframework.beans.factory.support.AbstractAutowireCapableBeanFactory.populateBean(AbstractAutowireCapableBeanFactory.java:1411) ~[spring-beans-5.1.6.RELEASE.jar:5.1.6.RELEASE]
	at org.springframework.beans.factory.support.AbstractAutowireCapableBeanFactory.doCreateBean(AbstractAutowireCapableBeanFactory.java:592) ~[spring-beans-5.1.6.RELEASE.jar:5.1.6.RELEASE]
	at org.springframework.beans.factory.support.AbstractAutowireCapableBeanFactory.createBean(AbstractAutowireCapableBeanFactory.java:515) ~[spring-beans-5.1.6.RELEASE.jar:5.1.6.RELEASE]
	at org.springframework.beans.factory.support.AbstractBeanFactory.lambda$doGetBean$0(AbstractBeanFactory.java:320) ~[spring-beans-5.1.6.RELEASE.jar:5.1.6.RELEASE]
	at org.springframework.beans.factory.support.DefaultSingletonBeanRegistry.getSingleton(DefaultSingletonBeanRegistry.java:222) ~[spring-beans-5.1.6.RELEASE.jar:5.1.6.RELEASE]
	at org.springframework.beans.factory.support.AbstractBeanFactory.doGetBean(AbstractBeanFactory.java:318) ~[spring-beans-5.1.6.RELEASE.jar:5.1.6.RELEASE]
	at org.springframework.beans.factory.support.AbstractBeanFactory.getBean(AbstractBeanFactory.java:199) ~[spring-beans-5.1.6.RELEASE.jar:5.1.6.RELEASE]
	at org.springframework.beans.factory.support.DefaultListableBeanFactory.preInstantiateSingletons(DefaultListableBeanFactory.java:849) ~[spring-beans-5.1.6.RELEASE.jar:5.1.6.RELEASE]
	at org.springframework.context.support.AbstractApplicationContext.finishBeanFactoryInitialization(AbstractApplicationContext.java:877) ~[spring-context-5.1.6.RELEASE.jar:5.1.6.RELEASE]
	at org.springframework.context.support.AbstractApplicationContext.refresh(AbstractApplicationContext.java:549) ~[spring-context-5.1.6.RELEASE.jar:5.1.6.RELEASE]
	at org.springframework.boot.SpringApplication.refresh(SpringApplication.java:775) ~[spring-boot-2.1.4.RELEASE.jar:2.1.4.RELEASE]
	at org.springframework.boot.SpringApplication.refreshContext(SpringApplication.java:397) ~[spring-boot-2.1.4.RELEASE.jar:2.1.4.RELEASE]
	at org.springframework.boot.SpringApplication.run(SpringApplication.java:316) ~[spring-boot-2.1.4.RELEASE.jar:2.1.4.RELEASE]
	at org.springframework.boot.test.context.SpringBootContextLoader.loadContext(SpringBootContextLoader.java:127) ~[spring-boot-test-2.1.4.RELEASE.jar:2.1.4.RELEASE]
	at org.springframework.test.context.cache.DefaultCacheAwareContextLoaderDelegate.loadContextInternal(DefaultCacheAwareContextLoaderDelegate.java:99) ~[spring-test-5.1.6.RELEASE.jar:5.1.6.RELEASE]
	at org.springframework.test.context.cache.DefaultCacheAwareContextLoaderDelegate.loadContext(DefaultCacheAwareContextLoaderDelegate.java:117) ~[spring-test-5.1.6.RELEASE.jar:5.1.6.RELEASE]
	... 27 common frames omitted
Caused by: org.springframework.beans.factory.UnsatisfiedDependencyException: Error creating bean with name 'employeServiceImpl': Unsatisfied dependency expressed through field 'employeRepository'; nested exception is org.springframework.beans.factory.BeanCreationException: Error creating bean with name 'employeRepository': Cannot create inner bean '(inner bean)#73877e19' of type [org.springframework.orm.jpa.SharedEntityManagerCreator] while setting bean property 'entityManager'; nested exception is org.springframework.beans.factory.BeanCreationException: Error creating bean with name '(inner bean)#73877e19': Cannot resolve reference to bean 'entityManagerFactory' while setting constructor argument; nested exception is org.springframework.beans.factory.NoSuchBeanDefinitionException: No bean named 'entityManagerFactory' available
	at org.springframework.beans.factory.annotation.AutowiredAnnotationBeanPostProcessor$AutowiredFieldElement.inject(AutowiredAnnotationBeanPostProcessor.java:596) ~[spring-beans-5.1.6.RELEASE.jar:5.1.6.RELEASE]
	at org.springframework.beans.factory.annotation.InjectionMetadata.inject(InjectionMetadata.java:90) ~[spring-beans-5.1.6.RELEASE.jar:5.1.6.RELEASE]
	at org.springframework.beans.factory.annotation.AutowiredAnnotationBeanPostProcessor.postProcessProperties(AutowiredAnnotationBeanPostProcessor.java:374) ~[spring-beans-5.1.6.RELEASE.jar:5.1.6.RELEASE]
	at org.springframework.beans.factory.support.AbstractAutowireCapableBeanFactory.populateBean(AbstractAutowireCapableBeanFactory.java:1411) ~[spring-beans-5.1.6.RELEASE.jar:5.1.6.RELEASE]
	at org.springframework.beans.factory.support.AbstractAutowireCapableBeanFactory.doCreateBean(AbstractAutowireCapableBeanFactory.java:592) ~[spring-beans-5.1.6.RELEASE.jar:5.1.6.RELEASE]
	at org.springframework.beans.factory.support.AbstractAutowireCapableBeanFactory.createBean(AbstractAutowireCapableBeanFactory.java:515) ~[spring-beans-5.1.6.RELEASE.jar:5.1.6.RELEASE]
	at org.springframework.beans.factory.support.AbstractBeanFactory.lambda$doGetBean$0(AbstractBeanFactory.java:320) ~[spring-beans-5.1.6.RELEASE.jar:5.1.6.RELEASE]
	at org.springframework.beans.factory.support.DefaultSingletonBeanRegistry.getSingleton(DefaultSingletonBeanRegistry.java:222) ~[spring-beans-5.1.6.RELEASE.jar:5.1.6.RELEASE]
	at org.springframework.beans.factory.support.AbstractBeanFactory.doGetBean(AbstractBeanFactory.java:318) ~[spring-beans-5.1.6.RELEASE.jar:5.1.6.RELEASE]
	at org.springframework.beans.factory.support.AbstractBeanFactory.getBean(AbstractBeanFactory.java:199) ~[spring-beans-5.1.6.RELEASE.jar:5.1.6.RELEASE]
	at org.springframework.beans.factory.config.DependencyDescriptor.resolveCandidate(DependencyDescriptor.java:277) ~[spring-beans-5.1.6.RELEASE.jar:5.1.6.RELEASE]
	at org.springframework.beans.factory.support.DefaultListableBeanFactory.doResolveDependency(DefaultListableBeanFactory.java:1247) ~[spring-beans-5.1.6.RELEASE.jar:5.1.6.RELEASE]
	at org.springframework.beans.factory.support.DefaultListableBeanFactory.resolveDependency(DefaultListableBeanFactory.java:1167) ~[spring-beans-5.1.6.RELEASE.jar:5.1.6.RELEASE]
	at org.springframework.beans.factory.annotation.AutowiredAnnotationBeanPostProcessor$AutowiredFieldElement.inject(AutowiredAnnotationBeanPostProcessor.java:593) ~[spring-beans-5.1.6.RELEASE.jar:5.1.6.RELEASE]
	... 45 common frames omitted
Caused by: org.springframework.beans.factory.BeanCreationException: Error creating bean with name 'employeRepository': Cannot create inner bean '(inner bean)#73877e19' of type [org.springframework.orm.jpa.SharedEntityManagerCreator] while setting bean property 'entityManager'; nested exception is org.springframework.beans.factory.BeanCreationException: Error creating bean with name '(inner bean)#73877e19': Cannot resolve reference to bean 'entityManagerFactory' while setting constructor argument; nested exception is org.springframework.beans.factory.NoSuchBeanDefinitionException: No bean named 'entityManagerFactory' available
	at org.springframework.beans.factory.support.BeanDefinitionValueResolver.resolveInnerBean(BeanDefinitionValueResolver.java:327) ~[spring-beans-5.1.6.RELEASE.jar:5.1.6.RELEASE]
	at org.springframework.beans.factory.support.BeanDefinitionValueResolver.resolveValueIfNecessary(BeanDefinitionValueResolver.java:131) ~[spring-beans-5.1.6.RELEASE.jar:5.1.6.RELEASE]
	at org.springframework.beans.factory.support.AbstractAutowireCapableBeanFactory.applyPropertyValues(AbstractAutowireCapableBeanFactory.java:1681) ~[spring-beans-5.1.6.RELEASE.jar:5.1.6.RELEASE]
	at org.springframework.beans.factory.support.AbstractAutowireCapableBeanFactory.populateBean(AbstractAutowireCapableBeanFactory.java:1433) ~[spring-beans-5.1.6.RELEASE.jar:5.1.6.RELEASE]
	at org.springframework.beans.factory.support.AbstractAutowireCapableBeanFactory.doCreateBean(AbstractAutowireCapableBeanFactory.java:592) ~[spring-beans-5.1.6.RELEASE.jar:5.1.6.RELEASE]
	at org.springframework.beans.factory.support.AbstractAutowireCapableBeanFactory.createBean(AbstractAutowireCapableBeanFactory.java:515) ~[spring-beans-5.1.6.RELEASE.jar:5.1.6.RELEASE]
	at org.springframework.beans.factory.support.AbstractBeanFactory.lambda$doGetBean$0(AbstractBeanFactory.java:320) ~[spring-beans-5.1.6.RELEASE.jar:5.1.6.RELEASE]
	at org.springframework.beans.factory.support.DefaultSingletonBeanRegistry.getSingleton(DefaultSingletonBeanRegistry.java:222) ~[spring-beans-5.1.6.RELEASE.jar:5.1.6.RELEASE]
	at org.springframework.beans.factory.support.AbstractBeanFactory.doGetBean(AbstractBeanFactory.java:318) ~[spring-beans-5.1.6.RELEASE.jar:5.1.6.RELEASE]
	at org.springframework.beans.factory.support.AbstractBeanFactory.getBean(AbstractBeanFactory.java:199) ~[spring-beans-5.1.6.RELEASE.jar:5.1.6.RELEASE]
	at org.springframework.beans.factory.config.DependencyDescriptor.resolveCandidate(DependencyDescriptor.java:277) ~[spring-beans-5.1.6.RELEASE.jar:5.1.6.RELEASE]
	at org.springframework.beans.factory.support.DefaultListableBeanFactory.doResolveDependency(DefaultListableBeanFactory.java:1247) ~[spring-beans-5.1.6.RELEASE.jar:5.1.6.RELEASE]
	at org.springframework.beans.factory.support.DefaultListableBeanFactory.resolveDependency(DefaultListableBeanFactory.java:1167) ~[spring-beans-5.1.6.RELEASE.jar:5.1.6.RELEASE]
	at org.springframework.beans.factory.annotation.AutowiredAnnotationBeanPostProcessor$AutowiredFieldElement.inject(AutowiredAnnotationBeanPostProcessor.java:593) ~[spring-beans-5.1.6.RELEASE.jar:5.1.6.RELEASE]
	... 58 common frames omitted
Caused by: org.springframework.beans.factory.BeanCreationException: Error creating bean with name '(inner bean)#73877e19': Cannot resolve reference to bean 'entityManagerFactory' while setting constructor argument; nested exception is org.springframework.beans.factory.NoSuchBeanDefinitionException: No bean named 'entityManagerFactory' available
	at org.springframework.beans.factory.support.BeanDefinitionValueResolver.resolveReference(BeanDefinitionValueResolver.java:378) ~[spring-beans-5.1.6.RELEASE.jar:5.1.6.RELEASE]
	at org.springframework.beans.factory.support.BeanDefinitionValueResolver.resolveValueIfNecessary(BeanDefinitionValueResolver.java:110) ~[spring-beans-5.1.6.RELEASE.jar:5.1.6.RELEASE]
	at org.springframework.beans.factory.support.ConstructorResolver.resolveConstructorArguments(ConstructorResolver.java:662) ~[spring-beans-5.1.6.RELEASE.jar:5.1.6.RELEASE]
	at org.springframework.beans.factory.support.ConstructorResolver.instantiateUsingFactoryMethod(ConstructorResolver.java:479) ~[spring-beans-5.1.6.RELEASE.jar:5.1.6.RELEASE]
	at org.springframework.beans.factory.support.AbstractAutowireCapableBeanFactory.instantiateUsingFactoryMethod(AbstractAutowireCapableBeanFactory.java:1321) ~[spring-beans-5.1.6.RELEASE.jar:5.1.6.RELEASE]
	at org.springframework.beans.factory.support.AbstractAutowireCapableBeanFactory.createBeanInstance(AbstractAutowireCapableBeanFactory.java:1160) ~[spring-beans-5.1.6.RELEASE.jar:5.1.6.RELEASE]
	at org.springframework.beans.factory.support.AbstractAutowireCapableBeanFactory.doCreateBean(AbstractAutowireCapableBeanFactory.java:555) ~[spring-beans-5.1.6.RELEASE.jar:5.1.6.RELEASE]
	at org.springframework.beans.factory.support.AbstractAutowireCapableBeanFactory.createBean(AbstractAutowireCapableBeanFactory.java:515) ~[spring-beans-5.1.6.RELEASE.jar:5.1.6.RELEASE]
	at org.springframework.beans.factory.support.BeanDefinitionValueResolver.resolveInnerBean(BeanDefinitionValueResolver.java:312) ~[spring-beans-5.1.6.RELEASE.jar:5.1.6.RELEASE]
	... 71 common frames omitted
Caused by: org.springframework.beans.factory.NoSuchBeanDefinitionException: No bean named 'entityManagerFactory' available
	at org.springframework.beans.factory.support.DefaultListableBeanFactory.getBeanDefinition(DefaultListableBeanFactory.java:775) ~[spring-beans-5.1.6.RELEASE.jar:5.1.6.RELEASE]
	at org.springframework.beans.factory.support.AbstractBeanFactory.getMergedLocalBeanDefinition(AbstractBeanFactory.java:1221) ~[spring-beans-5.1.6.RELEASE.jar:5.1.6.RELEASE]
	at org.springframework.beans.factory.support.AbstractBeanFactory.doGetBean(AbstractBeanFactory.java:294) ~[spring-beans-5.1.6.RELEASE.jar:5.1.6.RELEASE]
	at org.springframework.beans.factory.support.AbstractBeanFactory.getBean(AbstractBeanFactory.java:199) ~[spring-beans-5.1.6.RELEASE.jar:5.1.6.RELEASE]
	at org.springframework.beans.factory.support.BeanDefinitionValueResolver.resolveReference(BeanDefinitionValueResolver.java:367) ~[spring-beans-5.1.6.RELEASE.jar:5.1.6.RELEASE]
	... 79 common frames omitted

2021-11-14 08:42:02.977  INFO 2944 --- [main] t.e.spring.TimesheetServiceImplTest      : Starting TimesheetServiceImplTest on DESKTOP-4LN0G49 with PID 2944 (started by lenovo in C:\Users\lenovo\Desktop\TimesheetProject)
2021-11-14 08:42:02.977  INFO 2944 --- [main] t.e.spring.TimesheetServiceImplTest      : No active profile set, falling back to default profiles: default
2021-11-14 08:42:04.446  INFO 2944 --- [main] .s.d.r.c.RepositoryConfigurationDelegate : Bootstrapping Spring Data repositories in DEFAULT mode.
2021-11-14 08:42:04.473  INFO 2944 --- [main] .s.d.r.c.RepositoryConfigurationDelegate : Finished Spring Data repository scanning in 27ms. Found 6 repository interfaces.
2021-11-14 08:42:04.551  INFO 2944 --- [main] trationDelegate$BeanPostProcessorChecker : Bean 'org.springframework.transaction.annotation.ProxyTransactionManagementConfiguration' of type [org.springframework.transaction.annotation.ProxyTransactionManagementConfiguration$$EnhancerBySpringCGLIB$$4b71926e] is not eligible for getting processed by all BeanPostProcessors (for example: not eligible for auto-proxying)
2021-11-14 08:42:04.613  WARN 2944 --- [main] o.s.w.c.s.GenericWebApplicationContext   : Exception encountered during context initialization - cancelling refresh attempt: org.springframework.beans.factory.UnsatisfiedDependencyException: Error creating bean with name 'restControlEmploye': Unsatisfied dependency expressed through field 'iemployeservice'; nested exception is org.springframework.beans.factory.UnsatisfiedDependencyException: Error creating bean with name 'employeServiceImpl': Unsatisfied dependency expressed through field 'employeRepository'; nested exception is org.springframework.beans.factory.BeanCreationException: Error creating bean with name 'employeRepository': Cannot create inner bean '(inner bean)#59c33386' of type [org.springframework.orm.jpa.SharedEntityManagerCreator] while setting bean property 'entityManager'; nested exception is org.springframework.beans.factory.BeanCreationException: Error creating bean with name '(inner bean)#59c33386': Cannot resolve reference to bean 'entityManagerFactory' while setting constructor argument; nested exception is org.springframework.beans.factory.NoSuchBeanDefinitionException: No bean named 'entityManagerFactory' available
2021-11-14 08:42:04.613  INFO 2944 --- [main] ConditionEvaluationReportLoggingListener : 

Error starting ApplicationContext. To display the conditions report re-run your application with 'debug' enabled.
2021-11-14 08:42:04.676 ERROR 2944 --- [main] o.s.b.d.LoggingFailureAnalysisReporter   : 

***************************
APPLICATION FAILED TO START
***************************

Description:

Field employeRepository in tn.esprit.spring.services.EmployeServiceImpl required a bean named 'entityManagerFactory' that could not be found.

The injection point has the following annotations:
	- @org.springframework.beans.factory.annotation.Autowired(required=true)


Action:

Consider defining a bean named 'entityManagerFactory' in your configuration.

2021-11-14 08:42:04.676 ERROR 2944 --- [main] o.s.test.context.TestContextManager      : Caught exception while allowing TestExecutionListener [org.springframework.test.context.web.ServletTestExecutionListener@139982de] to prepare test instance [tn.esprit.spring.TimesheetServiceImplTest@7487b142]

java.lang.IllegalStateException: Failed to load ApplicationContext
	at org.springframework.test.context.cache.DefaultCacheAwareContextLoaderDelegate.loadContext(DefaultCacheAwareContextLoaderDelegate.java:125) ~[spring-test-5.1.6.RELEASE.jar:5.1.6.RELEASE]
	at org.springframework.test.context.support.DefaultTestContext.getApplicationContext(DefaultTestContext.java:108) ~[spring-test-5.1.6.RELEASE.jar:5.1.6.RELEASE]
	at org.springframework.test.context.web.ServletTestExecutionListener.setUpRequestContextIfNecessary(ServletTestExecutionListener.java:190) ~[spring-test-5.1.6.RELEASE.jar:5.1.6.RELEASE]
	at org.springframework.test.context.web.ServletTestExecutionListener.prepareTestInstance(ServletTestExecutionListener.java:132) ~[spring-test-5.1.6.RELEASE.jar:5.1.6.RELEASE]
	at org.springframework.test.context.TestContextManager.prepareTestInstance(TestContextManager.java:246) ~[spring-test-5.1.6.RELEASE.jar:5.1.6.RELEASE]
	at org.springframework.test.context.junit4.SpringJUnit4ClassRunner.createTest(SpringJUnit4ClassRunner.java:227) [spring-test-5.1.6.RELEASE.jar:5.1.6.RELEASE]
	at org.springframework.test.context.junit4.SpringJUnit4ClassRunner$1.runReflectiveCall(SpringJUnit4ClassRunner.java:289) [spring-test-5.1.6.RELEASE.jar:5.1.6.RELEASE]
	at org.junit.internal.runners.model.ReflectiveCallable.run(ReflectiveCallable.java:12) [junit-4.12.jar:4.12]
	at org.springframework.test.context.junit4.SpringJUnit4ClassRunner.methodBlock(SpringJUnit4ClassRunner.java:291) [spring-test-5.1.6.RELEASE.jar:5.1.6.RELEASE]
	at org.springframework.test.context.junit4.SpringJUnit4ClassRunner.runChild(SpringJUnit4ClassRunner.java:246) [spring-test-5.1.6.RELEASE.jar:5.1.6.RELEASE]
	at org.springframework.test.context.junit4.SpringJUnit4ClassRunner.runChild(SpringJUnit4ClassRunner.java:97) [spring-test-5.1.6.RELEASE.jar:5.1.6.RELEASE]
	at org.junit.runners.ParentRunner$3.run(ParentRunner.java:290) [junit-4.12.jar:4.12]
	at org.junit.runners.ParentRunner$1.schedule(ParentRunner.java:71) [junit-4.12.jar:4.12]
	at org.junit.runners.ParentRunner.runChildren(ParentRunner.java:288) [junit-4.12.jar:4.12]
	at org.junit.runners.ParentRunner.access$000(ParentRunner.java:58) [junit-4.12.jar:4.12]
	at org.junit.runners.ParentRunner$2.evaluate(ParentRunner.java:268) [junit-4.12.jar:4.12]
	at org.springframework.test.context.junit4.statements.RunBeforeTestClassCallbacks.evaluate(RunBeforeTestClassCallbacks.java:61) [spring-test-5.1.6.RELEASE.jar:5.1.6.RELEASE]
	at org.springframework.test.context.junit4.statements.RunAfterTestClassCallbacks.evaluate(RunAfterTestClassCallbacks.java:70) [spring-test-5.1.6.RELEASE.jar:5.1.6.RELEASE]
	at org.junit.runners.ParentRunner.run(ParentRunner.java:363) [junit-4.12.jar:4.12]
	at org.springframework.test.context.junit4.SpringJUnit4ClassRunner.run(SpringJUnit4ClassRunner.java:190) [spring-test-5.1.6.RELEASE.jar:5.1.6.RELEASE]
	at org.apache.maven.surefire.junit4.JUnit4Provider.execute(JUnit4Provider.java:365) [surefire-junit4-2.22.1.jar:2.22.1]
	at org.apache.maven.surefire.junit4.JUnit4Provider.executeWithRerun(JUnit4Provider.java:273) [surefire-junit4-2.22.1.jar:2.22.1]
	at org.apache.maven.surefire.junit4.JUnit4Provider.executeTestSet(JUnit4Provider.java:238) [surefire-junit4-2.22.1.jar:2.22.1]
	at org.apache.maven.surefire.junit4.JUnit4Provider.invoke(JUnit4Provider.java:159) [surefire-junit4-2.22.1.jar:2.22.1]
	at org.apache.maven.surefire.booter.ForkedBooter.invokeProviderInSameClassLoader(ForkedBooter.java:384) [surefire-booter-2.22.1.jar:2.22.1]
	at org.apache.maven.surefire.booter.ForkedBooter.runSuitesInProcess(ForkedBooter.java:345) [surefire-booter-2.22.1.jar:2.22.1]
	at org.apache.maven.surefire.booter.ForkedBooter.execute(ForkedBooter.java:126) [surefire-booter-2.22.1.jar:2.22.1]
	at org.apache.maven.surefire.booter.ForkedBooter.main(ForkedBooter.java:418) [surefire-booter-2.22.1.jar:2.22.1]
Caused by: org.springframework.beans.factory.UnsatisfiedDependencyException: Error creating bean with name 'restControlEmploye': Unsatisfied dependency expressed through field 'iemployeservice'; nested exception is org.springframework.beans.factory.UnsatisfiedDependencyException: Error creating bean with name 'employeServiceImpl': Unsatisfied dependency expressed through field 'employeRepository'; nested exception is org.springframework.beans.factory.BeanCreationException: Error creating bean with name 'employeRepository': Cannot create inner bean '(inner bean)#59c33386' of type [org.springframework.orm.jpa.SharedEntityManagerCreator] while setting bean property 'entityManager'; nested exception is org.springframework.beans.factory.BeanCreationException: Error creating bean with name '(inner bean)#59c33386': Cannot resolve reference to bean 'entityManagerFactory' while setting constructor argument; nested exception is org.springframework.beans.factory.NoSuchBeanDefinitionException: No bean named 'entityManagerFactory' available
	at org.springframework.beans.factory.annotation.AutowiredAnnotationBeanPostProcessor$AutowiredFieldElement.inject(AutowiredAnnotationBeanPostProcessor.java:596) ~[spring-beans-5.1.6.RELEASE.jar:5.1.6.RELEASE]
	at org.springframework.beans.factory.annotation.InjectionMetadata.inject(InjectionMetadata.java:90) ~[spring-beans-5.1.6.RELEASE.jar:5.1.6.RELEASE]
	at org.springframework.beans.factory.annotation.AutowiredAnnotationBeanPostProcessor.postProcessProperties(AutowiredAnnotationBeanPostProcessor.java:374) ~[spring-beans-5.1.6.RELEASE.jar:5.1.6.RELEASE]
	at org.springframework.beans.factory.support.AbstractAutowireCapableBeanFactory.populateBean(AbstractAutowireCapableBeanFactory.java:1411) ~[spring-beans-5.1.6.RELEASE.jar:5.1.6.RELEASE]
	at org.springframework.beans.factory.support.AbstractAutowireCapableBeanFactory.doCreateBean(AbstractAutowireCapableBeanFactory.java:592) ~[spring-beans-5.1.6.RELEASE.jar:5.1.6.RELEASE]
	at org.springframework.beans.factory.support.AbstractAutowireCapableBeanFactory.createBean(AbstractAutowireCapableBeanFactory.java:515) ~[spring-beans-5.1.6.RELEASE.jar:5.1.6.RELEASE]
	at org.springframework.beans.factory.support.AbstractBeanFactory.lambda$doGetBean$0(AbstractBeanFactory.java:320) ~[spring-beans-5.1.6.RELEASE.jar:5.1.6.RELEASE]
	at org.springframework.beans.factory.support.DefaultSingletonBeanRegistry.getSingleton(DefaultSingletonBeanRegistry.java:222) ~[spring-beans-5.1.6.RELEASE.jar:5.1.6.RELEASE]
	at org.springframework.beans.factory.support.AbstractBeanFactory.doGetBean(AbstractBeanFactory.java:318) ~[spring-beans-5.1.6.RELEASE.jar:5.1.6.RELEASE]
	at org.springframework.beans.factory.support.AbstractBeanFactory.getBean(AbstractBeanFactory.java:199) ~[spring-beans-5.1.6.RELEASE.jar:5.1.6.RELEASE]
	at org.springframework.beans.factory.support.DefaultListableBeanFactory.preInstantiateSingletons(DefaultListableBeanFactory.java:849) ~[spring-beans-5.1.6.RELEASE.jar:5.1.6.RELEASE]
	at org.springframework.context.support.AbstractApplicationContext.finishBeanFactoryInitialization(AbstractApplicationContext.java:877) ~[spring-context-5.1.6.RELEASE.jar:5.1.6.RELEASE]
	at org.springframework.context.support.AbstractApplicationContext.refresh(AbstractApplicationContext.java:549) ~[spring-context-5.1.6.RELEASE.jar:5.1.6.RELEASE]
	at org.springframework.boot.SpringApplication.refresh(SpringApplication.java:775) ~[spring-boot-2.1.4.RELEASE.jar:2.1.4.RELEASE]
	at org.springframework.boot.SpringApplication.refreshContext(SpringApplication.java:397) ~[spring-boot-2.1.4.RELEASE.jar:2.1.4.RELEASE]
	at org.springframework.boot.SpringApplication.run(SpringApplication.java:316) ~[spring-boot-2.1.4.RELEASE.jar:2.1.4.RELEASE]
	at org.springframework.boot.test.context.SpringBootContextLoader.loadContext(SpringBootContextLoader.java:127) ~[spring-boot-test-2.1.4.RELEASE.jar:2.1.4.RELEASE]
	at org.springframework.test.context.cache.DefaultCacheAwareContextLoaderDelegate.loadContextInternal(DefaultCacheAwareContextLoaderDelegate.java:99) ~[spring-test-5.1.6.RELEASE.jar:5.1.6.RELEASE]
	at org.springframework.test.context.cache.DefaultCacheAwareContextLoaderDelegate.loadContext(DefaultCacheAwareContextLoaderDelegate.java:117) ~[spring-test-5.1.6.RELEASE.jar:5.1.6.RELEASE]
	... 27 common frames omitted
Caused by: org.springframework.beans.factory.UnsatisfiedDependencyException: Error creating bean with name 'employeServiceImpl': Unsatisfied dependency expressed through field 'employeRepository'; nested exception is org.springframework.beans.factory.BeanCreationException: Error creating bean with name 'employeRepository': Cannot create inner bean '(inner bean)#59c33386' of type [org.springframework.orm.jpa.SharedEntityManagerCreator] while setting bean property 'entityManager'; nested exception is org.springframework.beans.factory.BeanCreationException: Error creating bean with name '(inner bean)#59c33386': Cannot resolve reference to bean 'entityManagerFactory' while setting constructor argument; nested exception is org.springframework.beans.factory.NoSuchBeanDefinitionException: No bean named 'entityManagerFactory' available
	at org.springframework.beans.factory.annotation.AutowiredAnnotationBeanPostProcessor$AutowiredFieldElement.inject(AutowiredAnnotationBeanPostProcessor.java:596) ~[spring-beans-5.1.6.RELEASE.jar:5.1.6.RELEASE]
	at org.springframework.beans.factory.annotation.InjectionMetadata.inject(InjectionMetadata.java:90) ~[spring-beans-5.1.6.RELEASE.jar:5.1.6.RELEASE]
	at org.springframework.beans.factory.annotation.AutowiredAnnotationBeanPostProcessor.postProcessProperties(AutowiredAnnotationBeanPostProcessor.java:374) ~[spring-beans-5.1.6.RELEASE.jar:5.1.6.RELEASE]
	at org.springframework.beans.factory.support.AbstractAutowireCapableBeanFactory.populateBean(AbstractAutowireCapableBeanFactory.java:1411) ~[spring-beans-5.1.6.RELEASE.jar:5.1.6.RELEASE]
	at org.springframework.beans.factory.support.AbstractAutowireCapableBeanFactory.doCreateBean(AbstractAutowireCapableBeanFactory.java:592) ~[spring-beans-5.1.6.RELEASE.jar:5.1.6.RELEASE]
	at org.springframework.beans.factory.support.AbstractAutowireCapableBeanFactory.createBean(AbstractAutowireCapableBeanFactory.java:515) ~[spring-beans-5.1.6.RELEASE.jar:5.1.6.RELEASE]
	at org.springframework.beans.factory.support.AbstractBeanFactory.lambda$doGetBean$0(AbstractBeanFactory.java:320) ~[spring-beans-5.1.6.RELEASE.jar:5.1.6.RELEASE]
	at org.springframework.beans.factory.support.DefaultSingletonBeanRegistry.getSingleton(DefaultSingletonBeanRegistry.java:222) ~[spring-beans-5.1.6.RELEASE.jar:5.1.6.RELEASE]
	at org.springframework.beans.factory.support.AbstractBeanFactory.doGetBean(AbstractBeanFactory.java:318) ~[spring-beans-5.1.6.RELEASE.jar:5.1.6.RELEASE]
	at org.springframework.beans.factory.support.AbstractBeanFactory.getBean(AbstractBeanFactory.java:199) ~[spring-beans-5.1.6.RELEASE.jar:5.1.6.RELEASE]
	at org.springframework.beans.factory.config.DependencyDescriptor.resolveCandidate(DependencyDescriptor.java:277) ~[spring-beans-5.1.6.RELEASE.jar:5.1.6.RELEASE]
	at org.springframework.beans.factory.support.DefaultListableBeanFactory.doResolveDependency(DefaultListableBeanFactory.java:1247) ~[spring-beans-5.1.6.RELEASE.jar:5.1.6.RELEASE]
	at org.springframework.beans.factory.support.DefaultListableBeanFactory.resolveDependency(DefaultListableBeanFactory.java:1167) ~[spring-beans-5.1.6.RELEASE.jar:5.1.6.RELEASE]
	at org.springframework.beans.factory.annotation.AutowiredAnnotationBeanPostProcessor$AutowiredFieldElement.inject(AutowiredAnnotationBeanPostProcessor.java:593) ~[spring-beans-5.1.6.RELEASE.jar:5.1.6.RELEASE]
	... 45 common frames omitted
Caused by: org.springframework.beans.factory.BeanCreationException: Error creating bean with name 'employeRepository': Cannot create inner bean '(inner bean)#59c33386' of type [org.springframework.orm.jpa.SharedEntityManagerCreator] while setting bean property 'entityManager'; nested exception is org.springframework.beans.factory.BeanCreationException: Error creating bean with name '(inner bean)#59c33386': Cannot resolve reference to bean 'entityManagerFactory' while setting constructor argument; nested exception is org.springframework.beans.factory.NoSuchBeanDefinitionException: No bean named 'entityManagerFactory' available
	at org.springframework.beans.factory.support.BeanDefinitionValueResolver.resolveInnerBean(BeanDefinitionValueResolver.java:327) ~[spring-beans-5.1.6.RELEASE.jar:5.1.6.RELEASE]
	at org.springframework.beans.factory.support.BeanDefinitionValueResolver.resolveValueIfNecessary(BeanDefinitionValueResolver.java:131) ~[spring-beans-5.1.6.RELEASE.jar:5.1.6.RELEASE]
	at org.springframework.beans.factory.support.AbstractAutowireCapableBeanFactory.applyPropertyValues(AbstractAutowireCapableBeanFactory.java:1681) ~[spring-beans-5.1.6.RELEASE.jar:5.1.6.RELEASE]
	at org.springframework.beans.factory.support.AbstractAutowireCapableBeanFactory.populateBean(AbstractAutowireCapableBeanFactory.java:1433) ~[spring-beans-5.1.6.RELEASE.jar:5.1.6.RELEASE]
	at org.springframework.beans.factory.support.AbstractAutowireCapableBeanFactory.doCreateBean(AbstractAutowireCapableBeanFactory.java:592) ~[spring-beans-5.1.6.RELEASE.jar:5.1.6.RELEASE]
	at org.springframework.beans.factory.support.AbstractAutowireCapableBeanFactory.createBean(AbstractAutowireCapableBeanFactory.java:515) ~[spring-beans-5.1.6.RELEASE.jar:5.1.6.RELEASE]
	at org.springframework.beans.factory.support.AbstractBeanFactory.lambda$doGetBean$0(AbstractBeanFactory.java:320) ~[spring-beans-5.1.6.RELEASE.jar:5.1.6.RELEASE]
	at org.springframework.beans.factory.support.DefaultSingletonBeanRegistry.getSingleton(DefaultSingletonBeanRegistry.java:222) ~[spring-beans-5.1.6.RELEASE.jar:5.1.6.RELEASE]
	at org.springframework.beans.factory.support.AbstractBeanFactory.doGetBean(AbstractBeanFactory.java:318) ~[spring-beans-5.1.6.RELEASE.jar:5.1.6.RELEASE]
	at org.springframework.beans.factory.support.AbstractBeanFactory.getBean(AbstractBeanFactory.java:199) ~[spring-beans-5.1.6.RELEASE.jar:5.1.6.RELEASE]
	at org.springframework.beans.factory.config.DependencyDescriptor.resolveCandidate(DependencyDescriptor.java:277) ~[spring-beans-5.1.6.RELEASE.jar:5.1.6.RELEASE]
	at org.springframework.beans.factory.support.DefaultListableBeanFactory.doResolveDependency(DefaultListableBeanFactory.java:1247) ~[spring-beans-5.1.6.RELEASE.jar:5.1.6.RELEASE]
	at org.springframework.beans.factory.support.DefaultListableBeanFactory.resolveDependency(DefaultListableBeanFactory.java:1167) ~[spring-beans-5.1.6.RELEASE.jar:5.1.6.RELEASE]
	at org.springframework.beans.factory.annotation.AutowiredAnnotationBeanPostProcessor$AutowiredFieldElement.inject(AutowiredAnnotationBeanPostProcessor.java:593) ~[spring-beans-5.1.6.RELEASE.jar:5.1.6.RELEASE]
	... 58 common frames omitted
Caused by: org.springframework.beans.factory.BeanCreationException: Error creating bean with name '(inner bean)#59c33386': Cannot resolve reference to bean 'entityManagerFactory' while setting constructor argument; nested exception is org.springframework.beans.factory.NoSuchBeanDefinitionException: No bean named 'entityManagerFactory' available
	at org.springframework.beans.factory.support.BeanDefinitionValueResolver.resolveReference(BeanDefinitionValueResolver.java:378) ~[spring-beans-5.1.6.RELEASE.jar:5.1.6.RELEASE]
	at org.springframework.beans.factory.support.BeanDefinitionValueResolver.resolveValueIfNecessary(BeanDefinitionValueResolver.java:110) ~[spring-beans-5.1.6.RELEASE.jar:5.1.6.RELEASE]
	at org.springframework.beans.factory.support.ConstructorResolver.resolveConstructorArguments(ConstructorResolver.java:662) ~[spring-beans-5.1.6.RELEASE.jar:5.1.6.RELEASE]
	at org.springframework.beans.factory.support.ConstructorResolver.instantiateUsingFactoryMethod(ConstructorResolver.java:479) ~[spring-beans-5.1.6.RELEASE.jar:5.1.6.RELEASE]
	at org.springframework.beans.factory.support.AbstractAutowireCapableBeanFactory.instantiateUsingFactoryMethod(AbstractAutowireCapableBeanFactory.java:1321) ~[spring-beans-5.1.6.RELEASE.jar:5.1.6.RELEASE]
	at org.springframework.beans.factory.support.AbstractAutowireCapableBeanFactory.createBeanInstance(AbstractAutowireCapableBeanFactory.java:1160) ~[spring-beans-5.1.6.RELEASE.jar:5.1.6.RELEASE]
	at org.springframework.beans.factory.support.AbstractAutowireCapableBeanFactory.doCreateBean(AbstractAutowireCapableBeanFactory.java:555) ~[spring-beans-5.1.6.RELEASE.jar:5.1.6.RELEASE]
	at org.springframework.beans.factory.support.AbstractAutowireCapableBeanFactory.createBean(AbstractAutowireCapableBeanFactory.java:515) ~[spring-beans-5.1.6.RELEASE.jar:5.1.6.RELEASE]
	at org.springframework.beans.factory.support.BeanDefinitionValueResolver.resolveInnerBean(BeanDefinitionValueResolver.java:312) ~[spring-beans-5.1.6.RELEASE.jar:5.1.6.RELEASE]
	... 71 common frames omitted
Caused by: org.springframework.beans.factory.NoSuchBeanDefinitionException: No bean named 'entityManagerFactory' available
	at org.springframework.beans.factory.support.DefaultListableBeanFactory.getBeanDefinition(DefaultListableBeanFactory.java:775) ~[spring-beans-5.1.6.RELEASE.jar:5.1.6.RELEASE]
	at org.springframework.beans.factory.support.AbstractBeanFactory.getMergedLocalBeanDefinition(AbstractBeanFactory.java:1221) ~[spring-beans-5.1.6.RELEASE.jar:5.1.6.RELEASE]
	at org.springframework.beans.factory.support.AbstractBeanFactory.doGetBean(AbstractBeanFactory.java:294) ~[spring-beans-5.1.6.RELEASE.jar:5.1.6.RELEASE]
	at org.springframework.beans.factory.support.AbstractBeanFactory.getBean(AbstractBeanFactory.java:199) ~[spring-beans-5.1.6.RELEASE.jar:5.1.6.RELEASE]
	at org.springframework.beans.factory.support.BeanDefinitionValueResolver.resolveReference(BeanDefinitionValueResolver.java:367) ~[spring-beans-5.1.6.RELEASE.jar:5.1.6.RELEASE]
	... 79 common frames omitted

2021-11-14 08:42:04.738  INFO 2944 --- [main] t.e.spring.TimesheetServiceImplTest      : Starting TimesheetServiceImplTest on DESKTOP-4LN0G49 with PID 2944 (started by lenovo in C:\Users\lenovo\Desktop\TimesheetProject)
2021-11-14 08:42:04.738  INFO 2944 --- [main] t.e.spring.TimesheetServiceImplTest      : No active profile set, falling back to default profiles: default
2021-11-14 08:42:04.927  INFO 2944 --- [main] .s.d.r.c.RepositoryConfigurationDelegate : Bootstrapping Spring Data repositories in DEFAULT mode.
2021-11-14 08:42:04.958  INFO 2944 --- [main] .s.d.r.c.RepositoryConfigurationDelegate : Finished Spring Data repository scanning in 15ms. Found 6 repository interfaces.
2021-11-14 08:42:05.037  INFO 2944 --- [main] trationDelegate$BeanPostProcessorChecker : Bean 'org.springframework.transaction.annotation.ProxyTransactionManagementConfiguration' of type [org.springframework.transaction.annotation.ProxyTransactionManagementConfiguration$$EnhancerBySpringCGLIB$$4b71926e] is not eligible for getting processed by all BeanPostProcessors (for example: not eligible for auto-proxying)
2021-11-14 08:42:05.099  WARN 2944 --- [main] o.s.w.c.s.GenericWebApplicationContext   : Exception encountered during context initialization - cancelling refresh attempt: org.springframework.beans.factory.UnsatisfiedDependencyException: Error creating bean with name 'restControlEmploye': Unsatisfied dependency expressed through field 'iemployeservice'; nested exception is org.springframework.beans.factory.UnsatisfiedDependencyException: Error creating bean with name 'employeServiceImpl': Unsatisfied dependency expressed through field 'employeRepository'; nested exception is org.springframework.beans.factory.BeanCreationException: Error creating bean with name 'employeRepository': Cannot create inner bean '(inner bean)#439b15f2' of type [org.springframework.orm.jpa.SharedEntityManagerCreator] while setting bean property 'entityManager'; nested exception is org.springframework.beans.factory.BeanCreationException: Error creating bean with name '(inner bean)#439b15f2': Cannot resolve reference to bean 'entityManagerFactory' while setting constructor argument; nested exception is org.springframework.beans.factory.NoSuchBeanDefinitionException: No bean named 'entityManagerFactory' available
2021-11-14 08:42:05.099  INFO 2944 --- [main] ConditionEvaluationReportLoggingListener : 

Error starting ApplicationContext. To display the conditions report re-run your application with 'debug' enabled.
2021-11-14 08:42:05.146 ERROR 2944 --- [main] o.s.b.d.LoggingFailureAnalysisReporter   : 

***************************
APPLICATION FAILED TO START
***************************

Description:

Field employeRepository in tn.esprit.spring.services.EmployeServiceImpl required a bean named 'entityManagerFactory' that could not be found.

The injection point has the following annotations:
	- @org.springframework.beans.factory.annotation.Autowired(required=true)


Action:

Consider defining a bean named 'entityManagerFactory' in your configuration.

2021-11-14 08:42:05.161 ERROR 2944 --- [main] o.s.test.context.TestContextManager      : Caught exception while allowing TestExecutionListener [org.springframework.test.context.web.ServletTestExecutionListener@139982de] to prepare test instance [tn.esprit.spring.TimesheetServiceImplTest@257e0827]

java.lang.IllegalStateException: Failed to load ApplicationContext
	at org.springframework.test.context.cache.DefaultCacheAwareContextLoaderDelegate.loadContext(DefaultCacheAwareContextLoaderDelegate.java:125) ~[spring-test-5.1.6.RELEASE.jar:5.1.6.RELEASE]
	at org.springframework.test.context.support.DefaultTestContext.getApplicationContext(DefaultTestContext.java:108) ~[spring-test-5.1.6.RELEASE.jar:5.1.6.RELEASE]
	at org.springframework.test.context.web.ServletTestExecutionListener.setUpRequestContextIfNecessary(ServletTestExecutionListener.java:190) ~[spring-test-5.1.6.RELEASE.jar:5.1.6.RELEASE]
	at org.springframework.test.context.web.ServletTestExecutionListener.prepareTestInstance(ServletTestExecutionListener.java:132) ~[spring-test-5.1.6.RELEASE.jar:5.1.6.RELEASE]
	at org.springframework.test.context.TestContextManager.prepareTestInstance(TestContextManager.java:246) ~[spring-test-5.1.6.RELEASE.jar:5.1.6.RELEASE]
	at org.springframework.test.context.junit4.SpringJUnit4ClassRunner.createTest(SpringJUnit4ClassRunner.java:227) [spring-test-5.1.6.RELEASE.jar:5.1.6.RELEASE]
	at org.springframework.test.context.junit4.SpringJUnit4ClassRunner$1.runReflectiveCall(SpringJUnit4ClassRunner.java:289) [spring-test-5.1.6.RELEASE.jar:5.1.6.RELEASE]
	at org.junit.internal.runners.model.ReflectiveCallable.run(ReflectiveCallable.java:12) [junit-4.12.jar:4.12]
	at org.springframework.test.context.junit4.SpringJUnit4ClassRunner.methodBlock(SpringJUnit4ClassRunner.java:291) [spring-test-5.1.6.RELEASE.jar:5.1.6.RELEASE]
	at org.springframework.test.context.junit4.SpringJUnit4ClassRunner.runChild(SpringJUnit4ClassRunner.java:246) [spring-test-5.1.6.RELEASE.jar:5.1.6.RELEASE]
	at org.springframework.test.context.junit4.SpringJUnit4ClassRunner.runChild(SpringJUnit4ClassRunner.java:97) [spring-test-5.1.6.RELEASE.jar:5.1.6.RELEASE]
	at org.junit.runners.ParentRunner$3.run(ParentRunner.java:290) [junit-4.12.jar:4.12]
	at org.junit.runners.ParentRunner$1.schedule(ParentRunner.java:71) [junit-4.12.jar:4.12]
	at org.junit.runners.ParentRunner.runChildren(ParentRunner.java:288) [junit-4.12.jar:4.12]
	at org.junit.runners.ParentRunner.access$000(ParentRunner.java:58) [junit-4.12.jar:4.12]
	at org.junit.runners.ParentRunner$2.evaluate(ParentRunner.java:268) [junit-4.12.jar:4.12]
	at org.springframework.test.context.junit4.statements.RunBeforeTestClassCallbacks.evaluate(RunBeforeTestClassCallbacks.java:61) [spring-test-5.1.6.RELEASE.jar:5.1.6.RELEASE]
	at org.springframework.test.context.junit4.statements.RunAfterTestClassCallbacks.evaluate(RunAfterTestClassCallbacks.java:70) [spring-test-5.1.6.RELEASE.jar:5.1.6.RELEASE]
	at org.junit.runners.ParentRunner.run(ParentRunner.java:363) [junit-4.12.jar:4.12]
	at org.springframework.test.context.junit4.SpringJUnit4ClassRunner.run(SpringJUnit4ClassRunner.java:190) [spring-test-5.1.6.RELEASE.jar:5.1.6.RELEASE]
	at org.apache.maven.surefire.junit4.JUnit4Provider.execute(JUnit4Provider.java:365) [surefire-junit4-2.22.1.jar:2.22.1]
	at org.apache.maven.surefire.junit4.JUnit4Provider.executeWithRerun(JUnit4Provider.java:273) [surefire-junit4-2.22.1.jar:2.22.1]
	at org.apache.maven.surefire.junit4.JUnit4Provider.executeTestSet(JUnit4Provider.java:238) [surefire-junit4-2.22.1.jar:2.22.1]
	at org.apache.maven.surefire.junit4.JUnit4Provider.invoke(JUnit4Provider.java:159) [surefire-junit4-2.22.1.jar:2.22.1]
	at org.apache.maven.surefire.booter.ForkedBooter.invokeProviderInSameClassLoader(ForkedBooter.java:384) [surefire-booter-2.22.1.jar:2.22.1]
	at org.apache.maven.surefire.booter.ForkedBooter.runSuitesInProcess(ForkedBooter.java:345) [surefire-booter-2.22.1.jar:2.22.1]
	at org.apache.maven.surefire.booter.ForkedBooter.execute(ForkedBooter.java:126) [surefire-booter-2.22.1.jar:2.22.1]
	at org.apache.maven.surefire.booter.ForkedBooter.main(ForkedBooter.java:418) [surefire-booter-2.22.1.jar:2.22.1]
Caused by: org.springframework.beans.factory.UnsatisfiedDependencyException: Error creating bean with name 'restControlEmploye': Unsatisfied dependency expressed through field 'iemployeservice'; nested exception is org.springframework.beans.factory.UnsatisfiedDependencyException: Error creating bean with name 'employeServiceImpl': Unsatisfied dependency expressed through field 'employeRepository'; nested exception is org.springframework.beans.factory.BeanCreationException: Error creating bean with name 'employeRepository': Cannot create inner bean '(inner bean)#439b15f2' of type [org.springframework.orm.jpa.SharedEntityManagerCreator] while setting bean property 'entityManager'; nested exception is org.springframework.beans.factory.BeanCreationException: Error creating bean with name '(inner bean)#439b15f2': Cannot resolve reference to bean 'entityManagerFactory' while setting constructor argument; nested exception is org.springframework.beans.factory.NoSuchBeanDefinitionException: No bean named 'entityManagerFactory' available
	at org.springframework.beans.factory.annotation.AutowiredAnnotationBeanPostProcessor$AutowiredFieldElement.inject(AutowiredAnnotationBeanPostProcessor.java:596) ~[spring-beans-5.1.6.RELEASE.jar:5.1.6.RELEASE]
	at org.springframework.beans.factory.annotation.InjectionMetadata.inject(InjectionMetadata.java:90) ~[spring-beans-5.1.6.RELEASE.jar:5.1.6.RELEASE]
	at org.springframework.beans.factory.annotation.AutowiredAnnotationBeanPostProcessor.postProcessProperties(AutowiredAnnotationBeanPostProcessor.java:374) ~[spring-beans-5.1.6.RELEASE.jar:5.1.6.RELEASE]
	at org.springframework.beans.factory.support.AbstractAutowireCapableBeanFactory.populateBean(AbstractAutowireCapableBeanFactory.java:1411) ~[spring-beans-5.1.6.RELEASE.jar:5.1.6.RELEASE]
	at org.springframework.beans.factory.support.AbstractAutowireCapableBeanFactory.doCreateBean(AbstractAutowireCapableBeanFactory.java:592) ~[spring-beans-5.1.6.RELEASE.jar:5.1.6.RELEASE]
	at org.springframework.beans.factory.support.AbstractAutowireCapableBeanFactory.createBean(AbstractAutowireCapableBeanFactory.java:515) ~[spring-beans-5.1.6.RELEASE.jar:5.1.6.RELEASE]
	at org.springframework.beans.factory.support.AbstractBeanFactory.lambda$doGetBean$0(AbstractBeanFactory.java:320) ~[spring-beans-5.1.6.RELEASE.jar:5.1.6.RELEASE]
	at org.springframework.beans.factory.support.DefaultSingletonBeanRegistry.getSingleton(DefaultSingletonBeanRegistry.java:222) ~[spring-beans-5.1.6.RELEASE.jar:5.1.6.RELEASE]
	at org.springframework.beans.factory.support.AbstractBeanFactory.doGetBean(AbstractBeanFactory.java:318) ~[spring-beans-5.1.6.RELEASE.jar:5.1.6.RELEASE]
	at org.springframework.beans.factory.support.AbstractBeanFactory.getBean(AbstractBeanFactory.java:199) ~[spring-beans-5.1.6.RELEASE.jar:5.1.6.RELEASE]
	at org.springframework.beans.factory.support.DefaultListableBeanFactory.preInstantiateSingletons(DefaultListableBeanFactory.java:849) ~[spring-beans-5.1.6.RELEASE.jar:5.1.6.RELEASE]
	at org.springframework.context.support.AbstractApplicationContext.finishBeanFactoryInitialization(AbstractApplicationContext.java:877) ~[spring-context-5.1.6.RELEASE.jar:5.1.6.RELEASE]
	at org.springframework.context.support.AbstractApplicationContext.refresh(AbstractApplicationContext.java:549) ~[spring-context-5.1.6.RELEASE.jar:5.1.6.RELEASE]
	at org.springframework.boot.SpringApplication.refresh(SpringApplication.java:775) ~[spring-boot-2.1.4.RELEASE.jar:2.1.4.RELEASE]
	at org.springframework.boot.SpringApplication.refreshContext(SpringApplication.java:397) ~[spring-boot-2.1.4.RELEASE.jar:2.1.4.RELEASE]
	at org.springframework.boot.SpringApplication.run(SpringApplication.java:316) ~[spring-boot-2.1.4.RELEASE.jar:2.1.4.RELEASE]
	at org.springframework.boot.test.context.SpringBootContextLoader.loadContext(SpringBootContextLoader.java:127) ~[spring-boot-test-2.1.4.RELEASE.jar:2.1.4.RELEASE]
	at org.springframework.test.context.cache.DefaultCacheAwareContextLoaderDelegate.loadContextInternal(DefaultCacheAwareContextLoaderDelegate.java:99) ~[spring-test-5.1.6.RELEASE.jar:5.1.6.RELEASE]
	at org.springframework.test.context.cache.DefaultCacheAwareContextLoaderDelegate.loadContext(DefaultCacheAwareContextLoaderDelegate.java:117) ~[spring-test-5.1.6.RELEASE.jar:5.1.6.RELEASE]
	... 27 common frames omitted
Caused by: org.springframework.beans.factory.UnsatisfiedDependencyException: Error creating bean with name 'employeServiceImpl': Unsatisfied dependency expressed through field 'employeRepository'; nested exception is org.springframework.beans.factory.BeanCreationException: Error creating bean with name 'employeRepository': Cannot create inner bean '(inner bean)#439b15f2' of type [org.springframework.orm.jpa.SharedEntityManagerCreator] while setting bean property 'entityManager'; nested exception is org.springframework.beans.factory.BeanCreationException: Error creating bean with name '(inner bean)#439b15f2': Cannot resolve reference to bean 'entityManagerFactory' while setting constructor argument; nested exception is org.springframework.beans.factory.NoSuchBeanDefinitionException: No bean named 'entityManagerFactory' available
	at org.springframework.beans.factory.annotation.AutowiredAnnotationBeanPostProcessor$AutowiredFieldElement.inject(AutowiredAnnotationBeanPostProcessor.java:596) ~[spring-beans-5.1.6.RELEASE.jar:5.1.6.RELEASE]
	at org.springframework.beans.factory.annotation.InjectionMetadata.inject(InjectionMetadata.java:90) ~[spring-beans-5.1.6.RELEASE.jar:5.1.6.RELEASE]
	at org.springframework.beans.factory.annotation.AutowiredAnnotationBeanPostProcessor.postProcessProperties(AutowiredAnnotationBeanPostProcessor.java:374) ~[spring-beans-5.1.6.RELEASE.jar:5.1.6.RELEASE]
	at org.springframework.beans.factory.support.AbstractAutowireCapableBeanFactory.populateBean(AbstractAutowireCapableBeanFactory.java:1411) ~[spring-beans-5.1.6.RELEASE.jar:5.1.6.RELEASE]
	at org.springframework.beans.factory.support.AbstractAutowireCapableBeanFactory.doCreateBean(AbstractAutowireCapableBeanFactory.java:592) ~[spring-beans-5.1.6.RELEASE.jar:5.1.6.RELEASE]
	at org.springframework.beans.factory.support.AbstractAutowireCapableBeanFactory.createBean(AbstractAutowireCapableBeanFactory.java:515) ~[spring-beans-5.1.6.RELEASE.jar:5.1.6.RELEASE]
	at org.springframework.beans.factory.support.AbstractBeanFactory.lambda$doGetBean$0(AbstractBeanFactory.java:320) ~[spring-beans-5.1.6.RELEASE.jar:5.1.6.RELEASE]
	at org.springframework.beans.factory.support.DefaultSingletonBeanRegistry.getSingleton(DefaultSingletonBeanRegistry.java:222) ~[spring-beans-5.1.6.RELEASE.jar:5.1.6.RELEASE]
	at org.springframework.beans.factory.support.AbstractBeanFactory.doGetBean(AbstractBeanFactory.java:318) ~[spring-beans-5.1.6.RELEASE.jar:5.1.6.RELEASE]
	at org.springframework.beans.factory.support.AbstractBeanFactory.getBean(AbstractBeanFactory.java:199) ~[spring-beans-5.1.6.RELEASE.jar:5.1.6.RELEASE]
	at org.springframework.beans.factory.config.DependencyDescriptor.resolveCandidate(DependencyDescriptor.java:277) ~[spring-beans-5.1.6.RELEASE.jar:5.1.6.RELEASE]
	at org.springframework.beans.factory.support.DefaultListableBeanFactory.doResolveDependency(DefaultListableBeanFactory.java:1247) ~[spring-beans-5.1.6.RELEASE.jar:5.1.6.RELEASE]
	at org.springframework.beans.factory.support.DefaultListableBeanFactory.resolveDependency(DefaultListableBeanFactory.java:1167) ~[spring-beans-5.1.6.RELEASE.jar:5.1.6.RELEASE]
	at org.springframework.beans.factory.annotation.AutowiredAnnotationBeanPostProcessor$AutowiredFieldElement.inject(AutowiredAnnotationBeanPostProcessor.java:593) ~[spring-beans-5.1.6.RELEASE.jar:5.1.6.RELEASE]
	... 45 common frames omitted
Caused by: org.springframework.beans.factory.BeanCreationException: Error creating bean with name 'employeRepository': Cannot create inner bean '(inner bean)#439b15f2' of type [org.springframework.orm.jpa.SharedEntityManagerCreator] while setting bean property 'entityManager'; nested exception is org.springframework.beans.factory.BeanCreationException: Error creating bean with name '(inner bean)#439b15f2': Cannot resolve reference to bean 'entityManagerFactory' while setting constructor argument; nested exception is org.springframework.beans.factory.NoSuchBeanDefinitionException: No bean named 'entityManagerFactory' available
	at org.springframework.beans.factory.support.BeanDefinitionValueResolver.resolveInnerBean(BeanDefinitionValueResolver.java:327) ~[spring-beans-5.1.6.RELEASE.jar:5.1.6.RELEASE]
	at org.springframework.beans.factory.support.BeanDefinitionValueResolver.resolveValueIfNecessary(BeanDefinitionValueResolver.java:131) ~[spring-beans-5.1.6.RELEASE.jar:5.1.6.RELEASE]
	at org.springframework.beans.factory.support.AbstractAutowireCapableBeanFactory.applyPropertyValues(AbstractAutowireCapableBeanFactory.java:1681) ~[spring-beans-5.1.6.RELEASE.jar:5.1.6.RELEASE]
	at org.springframework.beans.factory.support.AbstractAutowireCapableBeanFactory.populateBean(AbstractAutowireCapableBeanFactory.java:1433) ~[spring-beans-5.1.6.RELEASE.jar:5.1.6.RELEASE]
	at org.springframework.beans.factory.support.AbstractAutowireCapableBeanFactory.doCreateBean(AbstractAutowireCapableBeanFactory.java:592) ~[spring-beans-5.1.6.RELEASE.jar:5.1.6.RELEASE]
	at org.springframework.beans.factory.support.AbstractAutowireCapableBeanFactory.createBean(AbstractAutowireCapableBeanFactory.java:515) ~[spring-beans-5.1.6.RELEASE.jar:5.1.6.RELEASE]
	at org.springframework.beans.factory.support.AbstractBeanFactory.lambda$doGetBean$0(AbstractBeanFactory.java:320) ~[spring-beans-5.1.6.RELEASE.jar:5.1.6.RELEASE]
	at org.springframework.beans.factory.support.DefaultSingletonBeanRegistry.getSingleton(DefaultSingletonBeanRegistry.java:222) ~[spring-beans-5.1.6.RELEASE.jar:5.1.6.RELEASE]
	at org.springframework.beans.factory.support.AbstractBeanFactory.doGetBean(AbstractBeanFactory.java:318) ~[spring-beans-5.1.6.RELEASE.jar:5.1.6.RELEASE]
	at org.springframework.beans.factory.support.AbstractBeanFactory.getBean(AbstractBeanFactory.java:199) ~[spring-beans-5.1.6.RELEASE.jar:5.1.6.RELEASE]
	at org.springframework.beans.factory.config.DependencyDescriptor.resolveCandidate(DependencyDescriptor.java:277) ~[spring-beans-5.1.6.RELEASE.jar:5.1.6.RELEASE]
	at org.springframework.beans.factory.support.DefaultListableBeanFactory.doResolveDependency(DefaultListableBeanFactory.java:1247) ~[spring-beans-5.1.6.RELEASE.jar:5.1.6.RELEASE]
	at org.springframework.beans.factory.support.DefaultListableBeanFactory.resolveDependency(DefaultListableBeanFactory.java:1167) ~[spring-beans-5.1.6.RELEASE.jar:5.1.6.RELEASE]
	at org.springframework.beans.factory.annotation.AutowiredAnnotationBeanPostProcessor$AutowiredFieldElement.inject(AutowiredAnnotationBeanPostProcessor.java:593) ~[spring-beans-5.1.6.RELEASE.jar:5.1.6.RELEASE]
	... 58 common frames omitted
Caused by: org.springframework.beans.factory.BeanCreationException: Error creating bean with name '(inner bean)#439b15f2': Cannot resolve reference to bean 'entityManagerFactory' while setting constructor argument; nested exception is org.springframework.beans.factory.NoSuchBeanDefinitionException: No bean named 'entityManagerFactory' available
	at org.springframework.beans.factory.support.BeanDefinitionValueResolver.resolveReference(BeanDefinitionValueResolver.java:378) ~[spring-beans-5.1.6.RELEASE.jar:5.1.6.RELEASE]
	at org.springframework.beans.factory.support.BeanDefinitionValueResolver.resolveValueIfNecessary(BeanDefinitionValueResolver.java:110) ~[spring-beans-5.1.6.RELEASE.jar:5.1.6.RELEASE]
	at org.springframework.beans.factory.support.ConstructorResolver.resolveConstructorArguments(ConstructorResolver.java:662) ~[spring-beans-5.1.6.RELEASE.jar:5.1.6.RELEASE]
	at org.springframework.beans.factory.support.ConstructorResolver.instantiateUsingFactoryMethod(ConstructorResolver.java:479) ~[spring-beans-5.1.6.RELEASE.jar:5.1.6.RELEASE]
	at org.springframework.beans.factory.support.AbstractAutowireCapableBeanFactory.instantiateUsingFactoryMethod(AbstractAutowireCapableBeanFactory.java:1321) ~[spring-beans-5.1.6.RELEASE.jar:5.1.6.RELEASE]
	at org.springframework.beans.factory.support.AbstractAutowireCapableBeanFactory.createBeanInstance(AbstractAutowireCapableBeanFactory.java:1160) ~[spring-beans-5.1.6.RELEASE.jar:5.1.6.RELEASE]
	at org.springframework.beans.factory.support.AbstractAutowireCapableBeanFactory.doCreateBean(AbstractAutowireCapableBeanFactory.java:555) ~[spring-beans-5.1.6.RELEASE.jar:5.1.6.RELEASE]
	at org.springframework.beans.factory.support.AbstractAutowireCapableBeanFactory.createBean(AbstractAutowireCapableBeanFactory.java:515) ~[spring-beans-5.1.6.RELEASE.jar:5.1.6.RELEASE]
	at org.springframework.beans.factory.support.BeanDefinitionValueResolver.resolveInnerBean(BeanDefinitionValueResolver.java:312) ~[spring-beans-5.1.6.RELEASE.jar:5.1.6.RELEASE]
	... 71 common frames omitted
Caused by: org.springframework.beans.factory.NoSuchBeanDefinitionException: No bean named 'entityManagerFactory' available
	at org.springframework.beans.factory.support.DefaultListableBeanFactory.getBeanDefinition(DefaultListableBeanFactory.java:775) ~[spring-beans-5.1.6.RELEASE.jar:5.1.6.RELEASE]
	at org.springframework.beans.factory.support.AbstractBeanFactory.getMergedLocalBeanDefinition(AbstractBeanFactory.java:1221) ~[spring-beans-5.1.6.RELEASE.jar:5.1.6.RELEASE]
	at org.springframework.beans.factory.support.AbstractBeanFactory.doGetBean(AbstractBeanFactory.java:294) ~[spring-beans-5.1.6.RELEASE.jar:5.1.6.RELEASE]
	at org.springframework.beans.factory.support.AbstractBeanFactory.getBean(AbstractBeanFactory.java:199) ~[spring-beans-5.1.6.RELEASE.jar:5.1.6.RELEASE]
	at org.springframework.beans.factory.support.BeanDefinitionValueResolver.resolveReference(BeanDefinitionValueResolver.java:367) ~[spring-beans-5.1.6.RELEASE.jar:5.1.6.RELEASE]
	... 79 common frames omitted

